{"C:\\Users\\Walterlmm\\Desktop\\calcPI\\controllers\\calculadora.js":{"path":"C:\\Users\\Walterlmm\\Desktop\\calcPI\\controllers\\calculadora.js","s":{"1":1,"2":1,"3":2,"4":2,"5":2,"6":2,"7":2,"8":3,"9":3,"10":3,"11":3,"12":5,"13":2,"14":5,"15":5,"16":1,"17":1,"18":1,"19":1,"20":1,"21":1,"22":1,"23":1,"24":1,"25":1,"26":1,"27":1,"28":1,"29":1,"30":1,"31":1,"32":1,"33":1,"34":1,"35":1,"36":1,"37":1,"38":1,"39":1,"40":1,"41":1,"42":1,"43":1,"44":1,"45":1,"46":1,"47":1,"48":1,"49":1,"50":1,"51":1,"52":1,"53":1,"54":1,"55":1,"56":1,"57":1,"58":1,"59":1,"60":1,"61":1,"62":1,"63":1,"64":1,"65":1,"66":1,"67":1,"68":1,"69":1,"70":1,"71":1,"72":1,"73":1,"74":1,"75":1,"76":1,"77":1,"78":1,"79":1,"80":1,"81":1,"82":1,"83":1,"84":1,"85":1,"86":1,"87":1,"88":1,"89":1,"90":1,"91":1,"92":1,"93":1,"94":1,"95":1,"96":1,"97":1,"98":1,"99":1,"100":1,"101":1,"102":0,"103":0,"104":0,"105":0,"106":0,"107":0,"108":0,"109":0,"110":0,"111":0,"112":0,"113":0,"114":0,"115":0,"116":0,"117":0,"118":0,"119":1},"b":{"1":[0,0],"2":[0,0]},"f":{"1":1,"2":2,"3":3,"4":5,"5":2,"6":5,"7":5,"8":1,"9":1,"10":1,"11":1,"12":0,"13":0,"14":0,"15":0,"16":0,"17":0,"18":0,"19":0,"20":0},"fnMap":{"1":{"name":"(anonymous_1)","line":1,"loc":{"start":{"line":1,"column":17},"end":{"line":1,"column":28}}},"2":{"name":"(anonymous_2)","line":4,"loc":{"start":{"line":4,"column":21},"end":{"line":4,"column":41}}},"3":{"name":"(anonymous_3)","line":17,"loc":{"start":{"line":17,"column":14},"end":{"line":17,"column":35}}},"4":{"name":"(anonymous_4)","line":25,"loc":{"start":{"line":25,"column":11},"end":{"line":25,"column":38}}},"5":{"name":"(anonymous_5)","line":28,"loc":{"start":{"line":28,"column":14},"end":{"line":28,"column":41}}},"6":{"name":"(anonymous_6)","line":31,"loc":{"start":{"line":31,"column":17},"end":{"line":31,"column":44}}},"7":{"name":"(anonymous_7)","line":34,"loc":{"start":{"line":34,"column":13},"end":{"line":34,"column":40}}},"8":{"name":"(anonymous_8)","line":37,"loc":{"start":{"line":37,"column":29},"end":{"line":40,"column":16}}},"9":{"name":"(anonymous_9)","line":68,"loc":{"start":{"line":68,"column":33},"end":{"line":71,"column":16}}},"10":{"name":"(anonymous_10)","line":100,"loc":{"start":{"line":100,"column":37},"end":{"line":103,"column":16}}},"11":{"name":"(anonymous_11)","line":133,"loc":{"start":{"line":133,"column":37},"end":{"line":133,"column":64}}},"12":{"name":"(anonymous_12)","line":142,"loc":{"start":{"line":142,"column":20},"end":{"line":142,"column":40}}},"13":{"name":"(anonymous_13)","line":150,"loc":{"start":{"line":150,"column":22},"end":{"line":150,"column":37}}},"14":{"name":"(anonymous_14)","line":165,"loc":{"start":{"line":165,"column":10},"end":{"line":165,"column":38}}},"15":{"name":"(anonymous_15)","line":169,"loc":{"start":{"line":169,"column":10},"end":{"line":169,"column":38}}},"16":{"name":"(anonymous_16)","line":173,"loc":{"start":{"line":173,"column":13},"end":{"line":173,"column":41}}},"17":{"name":"(anonymous_17)","line":177,"loc":{"start":{"line":177,"column":16},"end":{"line":177,"column":44}}},"18":{"name":"(anonymous_18)","line":181,"loc":{"start":{"line":181,"column":12},"end":{"line":181,"column":40}}},"19":{"name":"(anonymous_19)","line":184,"loc":{"start":{"line":184,"column":25},"end":{"line":184,"column":53}}},"20":{"name":"(anonymous_20)","line":191,"loc":{"start":{"line":191,"column":13},"end":{"line":191,"column":41}}}},"statementMap":{"1":{"start":{"line":1,"column":0},"end":{"line":202,"column":2}},"2":{"start":{"line":2,"column":1},"end":{"line":199,"column":3}},"3":{"start":{"line":5,"column":4},"end":{"line":5,"column":43}},"4":{"start":{"line":6,"column":4},"end":{"line":8,"column":6}},"5":{"start":{"line":10,"column":4},"end":{"line":10,"column":64}},"6":{"start":{"line":11,"column":4},"end":{"line":11,"column":35}},"7":{"start":{"line":13,"column":4},"end":{"line":13,"column":20}},"8":{"start":{"line":18,"column":5},"end":{"line":18,"column":50}},"9":{"start":{"line":19,"column":5},"end":{"line":19,"column":50}},"10":{"start":{"line":21,"column":5},"end":{"line":21,"column":86}},"11":{"start":{"line":23,"column":5},"end":{"line":23,"column":22}},"12":{"start":{"line":26,"column":20},"end":{"line":26,"column":45}},"13":{"start":{"line":29,"column":5},"end":{"line":29,"column":28}},"14":{"start":{"line":32,"column":5},"end":{"line":32,"column":30}},"15":{"start":{"line":35,"column":5},"end":{"line":35,"column":36}},"16":{"start":{"line":41,"column":20},"end":{"line":41,"column":39}},"17":{"start":{"line":42,"column":20},"end":{"line":42,"column":37}},"18":{"start":{"line":43,"column":20},"end":{"line":43,"column":37}},"19":{"start":{"line":44,"column":20},"end":{"line":44,"column":37}},"20":{"start":{"line":45,"column":20},"end":{"line":45,"column":37}},"21":{"start":{"line":46,"column":20},"end":{"line":46,"column":37}},"22":{"start":{"line":47,"column":20},"end":{"line":47,"column":37}},"23":{"start":{"line":48,"column":20},"end":{"line":48,"column":37}},"24":{"start":{"line":49,"column":20},"end":{"line":49,"column":37}},"25":{"start":{"line":50,"column":20},"end":{"line":50,"column":37}},"26":{"start":{"line":51,"column":20},"end":{"line":51,"column":38}},"27":{"start":{"line":52,"column":20},"end":{"line":52,"column":38}},"28":{"start":{"line":53,"column":20},"end":{"line":53,"column":38}},"29":{"start":{"line":54,"column":20},"end":{"line":54,"column":38}},"30":{"start":{"line":55,"column":20},"end":{"line":55,"column":38}},"31":{"start":{"line":56,"column":20},"end":{"line":56,"column":38}},"32":{"start":{"line":57,"column":20},"end":{"line":57,"column":38}},"33":{"start":{"line":58,"column":20},"end":{"line":58,"column":38}},"34":{"start":{"line":59,"column":20},"end":{"line":59,"column":38}},"35":{"start":{"line":60,"column":20},"end":{"line":60,"column":38}},"36":{"start":{"line":61,"column":20},"end":{"line":61,"column":38}},"37":{"start":{"line":62,"column":20},"end":{"line":62,"column":38}},"38":{"start":{"line":63,"column":20},"end":{"line":63,"column":38}},"39":{"start":{"line":64,"column":20},"end":{"line":64,"column":38}},"40":{"start":{"line":65,"column":20},"end":{"line":65,"column":38}},"41":{"start":{"line":66,"column":20},"end":{"line":66,"column":34}},"42":{"start":{"line":72,"column":20},"end":{"line":72,"column":39}},"43":{"start":{"line":73,"column":20},"end":{"line":73,"column":37}},"44":{"start":{"line":74,"column":20},"end":{"line":74,"column":37}},"45":{"start":{"line":75,"column":20},"end":{"line":75,"column":37}},"46":{"start":{"line":76,"column":20},"end":{"line":76,"column":37}},"47":{"start":{"line":77,"column":20},"end":{"line":77,"column":37}},"48":{"start":{"line":78,"column":20},"end":{"line":78,"column":37}},"49":{"start":{"line":79,"column":20},"end":{"line":79,"column":37}},"50":{"start":{"line":80,"column":20},"end":{"line":80,"column":37}},"51":{"start":{"line":81,"column":20},"end":{"line":81,"column":37}},"52":{"start":{"line":82,"column":20},"end":{"line":82,"column":38}},"53":{"start":{"line":83,"column":20},"end":{"line":83,"column":38}},"54":{"start":{"line":84,"column":20},"end":{"line":84,"column":38}},"55":{"start":{"line":85,"column":20},"end":{"line":85,"column":38}},"56":{"start":{"line":86,"column":20},"end":{"line":86,"column":38}},"57":{"start":{"line":87,"column":20},"end":{"line":87,"column":38}},"58":{"start":{"line":88,"column":20},"end":{"line":88,"column":38}},"59":{"start":{"line":89,"column":20},"end":{"line":89,"column":38}},"60":{"start":{"line":90,"column":20},"end":{"line":90,"column":38}},"61":{"start":{"line":91,"column":20},"end":{"line":91,"column":38}},"62":{"start":{"line":92,"column":20},"end":{"line":92,"column":38}},"63":{"start":{"line":93,"column":20},"end":{"line":93,"column":38}},"64":{"start":{"line":94,"column":20},"end":{"line":94,"column":38}},"65":{"start":{"line":95,"column":20},"end":{"line":95,"column":38}},"66":{"start":{"line":96,"column":20},"end":{"line":96,"column":38}},"67":{"start":{"line":97,"column":20},"end":{"line":97,"column":51}},"68":{"start":{"line":98,"column":20},"end":{"line":98,"column":39}},"69":{"start":{"line":104,"column":20},"end":{"line":104,"column":39}},"70":{"start":{"line":105,"column":20},"end":{"line":105,"column":37}},"71":{"start":{"line":106,"column":20},"end":{"line":106,"column":37}},"72":{"start":{"line":107,"column":20},"end":{"line":107,"column":37}},"73":{"start":{"line":108,"column":20},"end":{"line":108,"column":37}},"74":{"start":{"line":109,"column":20},"end":{"line":109,"column":37}},"75":{"start":{"line":110,"column":20},"end":{"line":110,"column":37}},"76":{"start":{"line":111,"column":20},"end":{"line":111,"column":37}},"77":{"start":{"line":112,"column":20},"end":{"line":112,"column":37}},"78":{"start":{"line":113,"column":20},"end":{"line":113,"column":37}},"79":{"start":{"line":114,"column":20},"end":{"line":114,"column":38}},"80":{"start":{"line":115,"column":20},"end":{"line":115,"column":38}},"81":{"start":{"line":116,"column":20},"end":{"line":116,"column":38}},"82":{"start":{"line":117,"column":20},"end":{"line":117,"column":38}},"83":{"start":{"line":118,"column":20},"end":{"line":118,"column":38}},"84":{"start":{"line":119,"column":20},"end":{"line":119,"column":38}},"85":{"start":{"line":120,"column":20},"end":{"line":120,"column":38}},"86":{"start":{"line":121,"column":20},"end":{"line":121,"column":38}},"87":{"start":{"line":122,"column":20},"end":{"line":122,"column":38}},"88":{"start":{"line":123,"column":20},"end":{"line":123,"column":38}},"89":{"start":{"line":124,"column":20},"end":{"line":124,"column":38}},"90":{"start":{"line":125,"column":20},"end":{"line":125,"column":38}},"91":{"start":{"line":126,"column":20},"end":{"line":126,"column":38}},"92":{"start":{"line":127,"column":20},"end":{"line":127,"column":38}},"93":{"start":{"line":128,"column":20},"end":{"line":128,"column":38}},"94":{"start":{"line":129,"column":20},"end":{"line":129,"column":55}},"95":{"start":{"line":130,"column":20},"end":{"line":130,"column":44}},"96":{"start":{"line":131,"column":20},"end":{"line":131,"column":39}},"97":{"start":{"line":134,"column":20},"end":{"line":134,"column":42}},"98":{"start":{"line":135,"column":20},"end":{"line":135,"column":41}},"99":{"start":{"line":136,"column":20},"end":{"line":136,"column":41}},"100":{"start":{"line":137,"column":20},"end":{"line":137,"column":37}},"101":{"start":{"line":138,"column":20},"end":{"line":138,"column":37}},"102":{"start":{"line":143,"column":4},"end":{"line":145,"column":5}},"103":{"start":{"line":144,"column":5},"end":{"line":144,"column":34}},"104":{"start":{"line":147,"column":4},"end":{"line":147,"column":15}},"105":{"start":{"line":151,"column":4},"end":{"line":155,"column":6}},"106":{"start":{"line":157,"column":4},"end":{"line":157,"column":72}},"107":{"start":{"line":158,"column":4},"end":{"line":158,"column":72}},"108":{"start":{"line":160,"column":4},"end":{"line":160,"column":22}},"109":{"start":{"line":166,"column":4},"end":{"line":166,"column":29}},"110":{"start":{"line":170,"column":4},"end":{"line":170,"column":29}},"111":{"start":{"line":174,"column":4},"end":{"line":174,"column":32}},"112":{"start":{"line":178,"column":4},"end":{"line":178,"column":35}},"113":{"start":{"line":182,"column":4},"end":{"line":182,"column":31}},"114":{"start":{"line":185,"column":16},"end":{"line":185,"column":47}},"115":{"start":{"line":192,"column":4},"end":{"line":192,"column":70}},"116":{"start":{"line":193,"column":4},"end":{"line":193,"column":68}},"117":{"start":{"line":194,"column":4},"end":{"line":194,"column":66}},"118":{"start":{"line":196,"column":4},"end":{"line":196,"column":51}},"119":{"start":{"line":201,"column":1},"end":{"line":201,"column":19}}},"branchMap":{"1":{"line":143,"type":"if","locations":[{"start":{"line":143,"column":4},"end":{"line":143,"column":4}},{"start":{"line":143,"column":4},"end":{"line":143,"column":4}}]},"2":{"line":143,"type":"binary-expr","locations":[{"start":{"line":143,"column":7},"end":{"line":143,"column":16}},{"start":{"line":143,"column":20},"end":{"line":143,"column":36}}]}}}}