{"C:\\Users\\Walter\\Desktop\\calcPi\\controllers\\calculadora.js":{"path":"C:\\Users\\Walter\\Desktop\\calcPi\\controllers\\calculadora.js","s":{"1":1,"2":1,"3":2,"4":2,"5":2,"6":2,"7":2,"8":3,"9":3,"10":3,"11":3,"12":5,"13":2,"14":5,"15":5,"16":1,"17":1,"18":1,"19":1,"20":1,"21":1,"22":1,"23":1,"24":1,"25":1,"26":1,"27":1,"28":1,"29":1,"30":1,"31":1,"32":1,"33":1,"34":1,"35":1,"36":1,"37":1,"38":1,"39":1,"40":1,"41":1,"42":0,"43":0,"44":0,"45":0,"46":0,"47":0,"48":0,"49":0,"50":0,"51":0,"52":0,"53":0,"54":0,"55":0,"56":0,"57":0,"58":0,"59":1},"b":{"1":[0,0],"2":[0,0]},"f":{"1":1,"2":2,"3":3,"4":5,"5":2,"6":5,"7":5,"8":1,"9":0,"10":0,"11":0,"12":0,"13":0,"14":0,"15":0,"16":0,"17":0},"fnMap":{"1":{"name":"(anonymous_1)","line":1,"loc":{"start":{"line":1,"column":17},"end":{"line":1,"column":28}}},"2":{"name":"(anonymous_2)","line":4,"loc":{"start":{"line":4,"column":21},"end":{"line":4,"column":41}}},"3":{"name":"(anonymous_3)","line":17,"loc":{"start":{"line":17,"column":14},"end":{"line":17,"column":35}}},"4":{"name":"(anonymous_4)","line":26,"loc":{"start":{"line":26,"column":11},"end":{"line":26,"column":38}}},"5":{"name":"(anonymous_5)","line":30,"loc":{"start":{"line":30,"column":14},"end":{"line":30,"column":41}}},"6":{"name":"(anonymous_6)","line":34,"loc":{"start":{"line":34,"column":17},"end":{"line":34,"column":44}}},"7":{"name":"(anonymous_7)","line":38,"loc":{"start":{"line":38,"column":13},"end":{"line":38,"column":40}}},"8":{"name":"(anonymous_8)","line":41,"loc":{"start":{"line":41,"column":29},"end":{"line":44,"column":16}}},"9":{"name":"(anonymous_9)","line":74,"loc":{"start":{"line":74,"column":20},"end":{"line":74,"column":40}}},"10":{"name":"(anonymous_10)","line":82,"loc":{"start":{"line":82,"column":22},"end":{"line":82,"column":37}}},"11":{"name":"(anonymous_11)","line":97,"loc":{"start":{"line":97,"column":10},"end":{"line":97,"column":38}}},"12":{"name":"(anonymous_12)","line":101,"loc":{"start":{"line":101,"column":10},"end":{"line":101,"column":38}}},"13":{"name":"(anonymous_13)","line":105,"loc":{"start":{"line":105,"column":13},"end":{"line":105,"column":41}}},"14":{"name":"(anonymous_14)","line":109,"loc":{"start":{"line":109,"column":16},"end":{"line":109,"column":44}}},"15":{"name":"(anonymous_15)","line":113,"loc":{"start":{"line":113,"column":12},"end":{"line":113,"column":40}}},"16":{"name":"(anonymous_16)","line":116,"loc":{"start":{"line":116,"column":25},"end":{"line":116,"column":53}}},"17":{"name":"(anonymous_17)","line":123,"loc":{"start":{"line":123,"column":13},"end":{"line":123,"column":41}}}},"statementMap":{"1":{"start":{"line":1,"column":0},"end":{"line":134,"column":2}},"2":{"start":{"line":2,"column":1},"end":{"line":131,"column":3}},"3":{"start":{"line":5,"column":4},"end":{"line":5,"column":43}},"4":{"start":{"line":6,"column":4},"end":{"line":8,"column":6}},"5":{"start":{"line":10,"column":4},"end":{"line":10,"column":64}},"6":{"start":{"line":11,"column":4},"end":{"line":11,"column":35}},"7":{"start":{"line":13,"column":4},"end":{"line":13,"column":20}},"8":{"start":{"line":18,"column":5},"end":{"line":18,"column":50}},"9":{"start":{"line":19,"column":5},"end":{"line":19,"column":50}},"10":{"start":{"line":21,"column":5},"end":{"line":21,"column":86}},"11":{"start":{"line":23,"column":5},"end":{"line":23,"column":22}},"12":{"start":{"line":27,"column":5},"end":{"line":27,"column":30}},"13":{"start":{"line":31,"column":5},"end":{"line":31,"column":28}},"14":{"start":{"line":35,"column":5},"end":{"line":35,"column":30}},"15":{"start":{"line":39,"column":5},"end":{"line":39,"column":30}},"16":{"start":{"line":45,"column":20},"end":{"line":45,"column":39}},"17":{"start":{"line":46,"column":20},"end":{"line":46,"column":37}},"18":{"start":{"line":47,"column":20},"end":{"line":47,"column":37}},"19":{"start":{"line":48,"column":20},"end":{"line":48,"column":37}},"20":{"start":{"line":49,"column":20},"end":{"line":49,"column":37}},"21":{"start":{"line":50,"column":20},"end":{"line":50,"column":37}},"22":{"start":{"line":51,"column":20},"end":{"line":51,"column":37}},"23":{"start":{"line":52,"column":20},"end":{"line":52,"column":37}},"24":{"start":{"line":53,"column":20},"end":{"line":53,"column":37}},"25":{"start":{"line":54,"column":20},"end":{"line":54,"column":37}},"26":{"start":{"line":55,"column":20},"end":{"line":55,"column":38}},"27":{"start":{"line":56,"column":20},"end":{"line":56,"column":38}},"28":{"start":{"line":57,"column":20},"end":{"line":57,"column":38}},"29":{"start":{"line":58,"column":20},"end":{"line":58,"column":38}},"30":{"start":{"line":59,"column":20},"end":{"line":59,"column":38}},"31":{"start":{"line":60,"column":20},"end":{"line":60,"column":38}},"32":{"start":{"line":61,"column":20},"end":{"line":61,"column":38}},"33":{"start":{"line":62,"column":20},"end":{"line":62,"column":38}},"34":{"start":{"line":63,"column":20},"end":{"line":63,"column":38}},"35":{"start":{"line":64,"column":20},"end":{"line":64,"column":38}},"36":{"start":{"line":65,"column":20},"end":{"line":65,"column":38}},"37":{"start":{"line":66,"column":20},"end":{"line":66,"column":38}},"38":{"start":{"line":67,"column":20},"end":{"line":67,"column":38}},"39":{"start":{"line":68,"column":20},"end":{"line":68,"column":38}},"40":{"start":{"line":69,"column":20},"end":{"line":69,"column":38}},"41":{"start":{"line":70,"column":20},"end":{"line":70,"column":34}},"42":{"start":{"line":75,"column":4},"end":{"line":77,"column":5}},"43":{"start":{"line":76,"column":5},"end":{"line":76,"column":34}},"44":{"start":{"line":79,"column":4},"end":{"line":79,"column":15}},"45":{"start":{"line":83,"column":4},"end":{"line":87,"column":6}},"46":{"start":{"line":89,"column":4},"end":{"line":89,"column":72}},"47":{"start":{"line":90,"column":4},"end":{"line":90,"column":72}},"48":{"start":{"line":92,"column":4},"end":{"line":92,"column":22}},"49":{"start":{"line":98,"column":4},"end":{"line":98,"column":29}},"50":{"start":{"line":102,"column":4},"end":{"line":102,"column":29}},"51":{"start":{"line":106,"column":4},"end":{"line":106,"column":32}},"52":{"start":{"line":110,"column":4},"end":{"line":110,"column":35}},"53":{"start":{"line":114,"column":4},"end":{"line":114,"column":31}},"54":{"start":{"line":117,"column":16},"end":{"line":117,"column":47}},"55":{"start":{"line":124,"column":4},"end":{"line":124,"column":70}},"56":{"start":{"line":125,"column":4},"end":{"line":125,"column":68}},"57":{"start":{"line":126,"column":4},"end":{"line":126,"column":66}},"58":{"start":{"line":128,"column":4},"end":{"line":128,"column":51}},"59":{"start":{"line":133,"column":1},"end":{"line":133,"column":19}}},"branchMap":{"1":{"line":75,"type":"if","locations":[{"start":{"line":75,"column":4},"end":{"line":75,"column":4}},{"start":{"line":75,"column":4},"end":{"line":75,"column":4}}]},"2":{"line":75,"type":"binary-expr","locations":[{"start":{"line":75,"column":7},"end":{"line":75,"column":16}},{"start":{"line":75,"column":20},"end":{"line":75,"column":36}}]}}}}