TN:
SF:C:\Users\Walter\Desktop\calcPi\controllers\calculadora.js
FN:1,(anonymous_1)
FN:4,(anonymous_2)
FN:17,(anonymous_3)
FN:26,(anonymous_4)
FN:30,(anonymous_5)
FN:34,(anonymous_6)
FN:38,(anonymous_7)
FN:41,(anonymous_8)
FN:74,(anonymous_9)
FN:82,(anonymous_10)
FN:97,(anonymous_11)
FN:101,(anonymous_12)
FN:105,(anonymous_13)
FN:109,(anonymous_14)
FN:113,(anonymous_15)
FN:116,(anonymous_16)
FN:123,(anonymous_17)
FNF:17
FNH:8
FNDA:1,(anonymous_1)
FNDA:2,(anonymous_2)
FNDA:3,(anonymous_3)
FNDA:5,(anonymous_4)
FNDA:2,(anonymous_5)
FNDA:5,(anonymous_6)
FNDA:5,(anonymous_7)
FNDA:1,(anonymous_8)
FNDA:0,(anonymous_9)
FNDA:0,(anonymous_10)
FNDA:0,(anonymous_11)
FNDA:0,(anonymous_12)
FNDA:0,(anonymous_13)
FNDA:0,(anonymous_14)
FNDA:0,(anonymous_15)
FNDA:0,(anonymous_16)
FNDA:0,(anonymous_17)
DA:1,1
DA:2,1
DA:5,2
DA:6,2
DA:10,2
DA:11,2
DA:13,2
DA:18,3
DA:19,3
DA:21,3
DA:23,3
DA:27,5
DA:31,2
DA:35,5
DA:39,5
DA:45,1
DA:46,1
DA:47,1
DA:48,1
DA:49,1
DA:50,1
DA:51,1
DA:52,1
DA:53,1
DA:54,1
DA:55,1
DA:56,1
DA:57,1
DA:58,1
DA:59,1
DA:60,1
DA:61,1
DA:62,1
DA:63,1
DA:64,1
DA:65,1
DA:66,1
DA:67,1
DA:68,1
DA:69,1
DA:70,1
DA:75,0
DA:76,0
DA:79,0
DA:83,0
DA:89,0
DA:90,0
DA:92,0
DA:98,0
DA:102,0
DA:106,0
DA:110,0
DA:114,0
DA:117,0
DA:124,0
DA:125,0
DA:126,0
DA:128,0
DA:133,1
LF:59
LH:42
BRDA:75,1,0,0
BRDA:75,1,1,0
BRDA:75,2,0,0
BRDA:75,2,1,0
BRF:4
BRH:0
end_of_record
